SF:/Users/adityakasibhatla/work/projects/simple_logger/lib/logs.dart
DA:74,1
DA:104,1
DA:107,1
DA:109,1
DA:116,1
DA:119,1
DA:121,1
DA:128,1
DA:131,1
DA:133,1
DA:140,1
DA:143,1
DA:145,1
DA:152,1
DA:155,1
DA:157,1
DA:167,1
DA:168,3
DA:169,2
DA:171,9
DA:174,1
DA:175,2
DA:177,4
DA:178,2
DA:179,4
DA:180,2
DA:185,1
DA:186,4
DA:187,1
DA:190,0
DA:191,0
DA:196,1
DA:197,1
DA:198,1
DA:199,1
DA:200,4
DA:201,1
DA:202,3
DA:205,1
DA:206,1
DA:207,4
DA:208,1
DA:209,3
DA:212,1
DA:213,1
DA:214,4
DA:215,1
DA:216,3
DA:219,1
DA:220,1
DA:221,4
DA:222,1
DA:223,3
DA:226,1
DA:227,1
DA:228,4
DA:229,1
DA:230,3
DA:234,0
DA:246,1
DA:247,3
DA:248,1
DA:252,1
DA:253,1
DA:254,2
DA:255,4
DA:256,1
DA:257,2
LF:68
LH:65
end_of_record
