SF:lib/logs.dart
DA:71,1
DA:90,1
DA:93,1
DA:95,1
DA:103,1
DA:106,1
DA:108,1
DA:115,1
DA:118,1
DA:120,1
DA:128,1
DA:131,1
DA:133,1
DA:141,1
DA:144,1
DA:146,1
DA:157,1
DA:158,3
DA:159,2
DA:161,9
DA:164,1
DA:165,2
DA:167,4
DA:168,2
DA:169,4
DA:170,2
DA:176,4
DA:177,1
DA:180,0
DA:181,0
DA:186,1
DA:188,1
DA:189,1
DA:190,5
DA:191,1
DA:192,3
DA:195,1
DA:196,5
DA:197,1
DA:198,3
DA:201,1
DA:202,5
DA:203,1
DA:204,3
DA:207,1
DA:208,5
DA:209,1
DA:210,3
DA:213,1
DA:214,5
DA:215,1
DA:216,3
DA:220,0
DA:233,1
DA:234,3
DA:235,1
DA:239,1
DA:240,1
DA:241,2
DA:242,4
DA:243,1
DA:244,2
LF:62
LH:59
end_of_record
